<?xml version="1.0" encoding="UTF-8"?>
<testsuite xmlns:xsi="http://www.w3.org/2001/XMLSchema-instance" xsi:noNamespaceSchemaLocation="https://maven.apache.org/surefire/maven-surefire-plugin/xsd/surefire-test-report.xsd" name="nz.ac.auckland.se281.MainTest" time="0.262" tests="64" errors="0" skipped="0" failures="0">
  <properties>
    <property name="java.specification.version" value="17"/>
    <property name="sun.jnu.encoding" value="UTF-8"/>
    <property name="java.class.path" value="/Users/flynnteh/VSCode/Uni/YEAR2/SOFTENG281/JAVA/assignment-3-flynncs/target/test-classes:/Users/flynnteh/VSCode/Uni/YEAR2/SOFTENG281/JAVA/assignment-3-flynncs/target/classes:/Users/flynnteh/.m2/repository/com/paypal/digraph/digraph-parser/1.0/digraph-parser-1.0.jar:/Users/flynnteh/.m2/repository/org/antlr/antlr4-runtime/4.2/antlr4-runtime-4.2.jar:/Users/flynnteh/.m2/repository/org/abego/treelayout/org.abego.treelayout.core/1.0.1/org.abego.treelayout.core-1.0.1.jar:/Users/flynnteh/.m2/repository/org/antlr/antlr4-annotations/4.2/antlr4-annotations-4.2.jar:/Users/flynnteh/.m2/repository/junit/junit/4.12/junit-4.12.jar:/Users/flynnteh/.m2/repository/org/hamcrest/hamcrest-core/1.3/hamcrest-core-1.3.jar:/Users/flynnteh/VSCode/Uni/YEAR2/SOFTENG281/JAVA/assignment-3-flynncs/libs/codestyle.jar:"/>
    <property name="java.vm.vendor" value="Oracle Corporation"/>
    <property name="sun.arch.data.model" value="64"/>
    <property name="java.vendor.url" value="https://java.oracle.com/"/>
    <property name="os.name" value="Mac OS X"/>
    <property name="java.vm.specification.version" value="17"/>
    <property name="sun.java.launcher" value="SUN_STANDARD"/>
    <property name="user.country" value="NZ"/>
    <property name="sun.boot.library.path" value="/Library/Java/JavaVirtualMachines/jdk-17.jdk/Contents/Home/lib"/>
    <property name="sun.java.command" value="/Users/flynnteh/VSCode/Uni/YEAR2/SOFTENG281/JAVA/assignment-3-flynncs/target/surefire/surefirebooter3749357685320826195.jar /Users/flynnteh/VSCode/Uni/YEAR2/SOFTENG281/JAVA/assignment-3-flynncs/target/surefire 2023-06-06T17-21-48_912-jvmRun1 surefire8104858505079257572tmp surefire_013509722728246100904tmp"/>
    <property name="http.nonProxyHosts" value="local|*.local|169.254/16|*.169.254/16"/>
    <property name="jdk.debug" value="release"/>
    <property name="surefire.test.class.path" value="/Users/flynnteh/VSCode/Uni/YEAR2/SOFTENG281/JAVA/assignment-3-flynncs/target/test-classes:/Users/flynnteh/VSCode/Uni/YEAR2/SOFTENG281/JAVA/assignment-3-flynncs/target/classes:/Users/flynnteh/.m2/repository/com/paypal/digraph/digraph-parser/1.0/digraph-parser-1.0.jar:/Users/flynnteh/.m2/repository/org/antlr/antlr4-runtime/4.2/antlr4-runtime-4.2.jar:/Users/flynnteh/.m2/repository/org/abego/treelayout/org.abego.treelayout.core/1.0.1/org.abego.treelayout.core-1.0.1.jar:/Users/flynnteh/.m2/repository/org/antlr/antlr4-annotations/4.2/antlr4-annotations-4.2.jar:/Users/flynnteh/.m2/repository/junit/junit/4.12/junit-4.12.jar:/Users/flynnteh/.m2/repository/org/hamcrest/hamcrest-core/1.3/hamcrest-core-1.3.jar:/Users/flynnteh/VSCode/Uni/YEAR2/SOFTENG281/JAVA/assignment-3-flynncs/libs/codestyle.jar:"/>
    <property name="sun.cpu.endian" value="little"/>
    <property name="user.home" value="/Users/flynnteh"/>
    <property name="user.language" value="en"/>
    <property name="java.specification.vendor" value="Oracle Corporation"/>
    <property name="java.version.date" value="2023-01-17"/>
    <property name="java.home" value="/Library/Java/JavaVirtualMachines/jdk-17.jdk/Contents/Home"/>
    <property name="file.separator" value="/"/>
    <property name="basedir" value="/Users/flynnteh/VSCode/Uni/YEAR2/SOFTENG281/JAVA/assignment-3-flynncs"/>
    <property name="java.vm.compressedOopsMode" value="Zero based"/>
    <property name="line.separator" value="&#10;"/>
    <property name="java.specification.name" value="Java Platform API Specification"/>
    <property name="java.vm.specification.vendor" value="Oracle Corporation"/>
    <property name="surefire.real.class.path" value="/Users/flynnteh/VSCode/Uni/YEAR2/SOFTENG281/JAVA/assignment-3-flynncs/target/surefire/surefirebooter3749357685320826195.jar"/>
    <property name="sun.management.compiler" value="HotSpot 64-Bit Tiered Compilers"/>
    <property name="ftp.nonProxyHosts" value="local|*.local|169.254/16|*.169.254/16"/>
    <property name="java.runtime.version" value="17.0.6+9-LTS-190"/>
    <property name="user.name" value="flynnteh"/>
    <property name="path.separator" value=":"/>
    <property name="os.version" value="13.2.1"/>
    <property name="java.runtime.name" value="Java(TM) SE Runtime Environment"/>
    <property name="file.encoding" value="UTF-8"/>
    <property name="java.vm.name" value="Java HotSpot(TM) 64-Bit Server VM"/>
    <property name="localRepository" value="/Users/flynnteh/.m2/repository"/>
    <property name="java.vendor.url.bug" value="https://bugreport.java.com/bugreport/"/>
    <property name="java.io.tmpdir" value="/var/folders/xh/0h92qfwj3690bl7lcgzbgw4w0000gn/T/"/>
    <property name="java.version" value="17.0.6"/>
    <property name="user.dir" value="/Users/flynnteh/VSCode/Uni/YEAR2/SOFTENG281/JAVA/assignment-3-flynncs"/>
    <property name="os.arch" value="aarch64"/>
    <property name="java.vm.specification.name" value="Java Virtual Machine Specification"/>
    <property name="native.encoding" value="UTF-8"/>
    <property name="java.library.path" value="/Users/flynnteh/Library/Java/Extensions:/Library/Java/Extensions:/Network/Library/Java/Extensions:/System/Library/Java/Extensions:/usr/lib/java:."/>
    <property name="java.vm.info" value="mixed mode, sharing"/>
    <property name="java.vendor" value="Oracle Corporation"/>
    <property name="java.vm.version" value="17.0.6+9-LTS-190"/>
    <property name="sun.io.unicode.encoding" value="UnicodeBig"/>
    <property name="socksNonProxyHosts" value="local|*.local|169.254/16|*.169.254/16"/>
    <property name="java.class.version" value="61.0"/>
  </properties>
  <testcase name="T1_B_antisymmetry" classname="nz.ac.auckland.se281.MainTest$Task1" time="0.033"/>
  <testcase name="T1_C_reflexivity" classname="nz.ac.auckland.se281.MainTest$Task1" time="0.002"/>
  <testcase name="T1_C_roots" classname="nz.ac.auckland.se281.MainTest$Task1" time="0.002"/>
  <testcase name="T1_B_reflexivity" classname="nz.ac.auckland.se281.MainTest$Task1" time="0.004"/>
  <testcase name="T1_B_equivalence_class_1" classname="nz.ac.auckland.se281.MainTest$Task1" time="0.006"/>
  <testcase name="T1_A_antisymmetry" classname="nz.ac.auckland.se281.MainTest$Task1" time="0.027"/>
  <testcase name="T1_C_equivalence_class_0" classname="nz.ac.auckland.se281.MainTest$Task1" time="0.003"/>
  <testcase name="T1_C_equivalence_class_1" classname="nz.ac.auckland.se281.MainTest$Task1" time="0.003"/>
  <testcase name="T1_A_reflexivity" classname="nz.ac.auckland.se281.MainTest$Task1" time="0.003"/>
  <testcase name="T1_C_transitivity" classname="nz.ac.auckland.se281.MainTest$Task1" time="0.002"/>
  <testcase name="T1_B_transitivity" classname="nz.ac.auckland.se281.MainTest$Task1" time="0.001"/>
  <testcase name="T1_A_transitivity" classname="nz.ac.auckland.se281.MainTest$Task1" time="0.004"/>
  <testcase name="T1_A_roots" classname="nz.ac.auckland.se281.MainTest$Task1" time="0.003"/>
  <testcase name="T1_C_equivalence" classname="nz.ac.auckland.se281.MainTest$Task1" time="0.003"/>
  <testcase name="T1_C_symmetry" classname="nz.ac.auckland.se281.MainTest$Task1" time="0.002"/>
  <testcase name="T1_B_equivalence" classname="nz.ac.auckland.se281.MainTest$Task1" time="0.001"/>
  <testcase name="T1_B_roots" classname="nz.ac.auckland.se281.MainTest$Task1" time="0.004"/>
  <testcase name="T1_B_symmetry" classname="nz.ac.auckland.se281.MainTest$Task1" time="0.005"/>
  <testcase name="T1_C_antisymmetry" classname="nz.ac.auckland.se281.MainTest$Task1" time="0.002"/>
  <testcase name="T1_A_equivalence" classname="nz.ac.auckland.se281.MainTest$Task1" time="0.002"/>
  <testcase name="T1_A_symmetry" classname="nz.ac.auckland.se281.MainTest$Task1" time="0.003"/>
  <testcase name="T2_B_iterative_BFS" classname="nz.ac.auckland.se281.MainTest$Task2" time="0.003"/>
  <testcase name="T2_B_iterative_DFS" classname="nz.ac.auckland.se281.MainTest$Task2" time="0.006"/>
  <testcase name="T2_C_iterative_BFS" classname="nz.ac.auckland.se281.MainTest$Task2" time="0.007"/>
  <testcase name="T2_C_iterative_DFS" classname="nz.ac.auckland.se281.MainTest$Task2" time="0.002"/>
  <testcase name="T2_A_iterative_BFS" classname="nz.ac.auckland.se281.MainTest$Task2" time="0.002"/>
  <testcase name="T2_A_iterative_DFS" classname="nz.ac.auckland.se281.MainTest$Task2" time="0.001"/>
  <testcase name="T3_A_recursive_BFS" classname="nz.ac.auckland.se281.MainTest$Task3" time="0.002"/>
  <testcase name="T3_A_recursive_DFS" classname="nz.ac.auckland.se281.MainTest$Task3" time="0.001"/>
  <testcase name="T3_B_recursive_BFS" classname="nz.ac.auckland.se281.MainTest$Task3" time="0.001"/>
  <testcase name="T3_B_recursive_DFS" classname="nz.ac.auckland.se281.MainTest$Task3" time="0.003"/>
  <testcase name="T3_C_recursive_BFS" classname="nz.ac.auckland.se281.MainTest$Task3" time="0.001"/>
  <testcase name="T3_C_recursive_DFS" classname="nz.ac.auckland.se281.MainTest$Task3" time="0.002"/>
  <testcase name="TY_03_I_RBFS" classname="nz.ac.auckland.se281.MainTest$YourTests" time="0.003"/>
  <testcase name="TY_02_G_iterative_DFS" classname="nz.ac.auckland.se281.MainTest$YourTests" time="0.002"/>
  <testcase name="TY_01_H_iterative_BFS" classname="nz.ac.auckland.se281.MainTest$YourTests" time="0.002"/>
  <testcase name="TY_04_H_recursive_DFS" classname="nz.ac.auckland.se281.MainTest$YourTests" time="0.003"/>
  <testcase name="TJ_D_transitivity" classname="nz.ac.auckland.se281.MainTest$YourTests" time="0.002"/>
  <testcase name="T1_w_equivalence" classname="nz.ac.auckland.se281.MainTest$YourTests" time="0.001"/>
  <testcase name="TY_E_transitivity" classname="nz.ac.auckland.se281.MainTest$YourTests" time="0.002"/>
  <testcase name="TY_04_I_IDFS" classname="nz.ac.auckland.se281.MainTest$YourTests" time="0.002"/>
  <testcase name="TY_02_H_iterative_DFS" classname="nz.ac.auckland.se281.MainTest$YourTests" time="0.002"/>
  <testcase name="TJ_D_equivalence" classname="nz.ac.auckland.se281.MainTest$YourTests" time="0.002"/>
  <testcase name="TY_03_G_recursive_BFS" classname="nz.ac.auckland.se281.MainTest$YourTests" time="0.002"/>
  <testcase name="TJ_D_symmetry" classname="nz.ac.auckland.se281.MainTest$YourTests" time="0.001"/>
  <testcase name="T2_w_iterative_BFS" classname="nz.ac.auckland.se281.MainTest$YourTests" time="0.003"/>
  <testcase name="T2_w_iterative_DFS" classname="nz.ac.auckland.se281.MainTest$YourTests" time="0.003"/>
  <testcase name="TY_E_roots" classname="nz.ac.auckland.se281.MainTest$YourTests" time="0.013"/>
  <testcase name="TY_02_I_IBFS" classname="nz.ac.auckland.se281.MainTest$YourTests" time="0.004"/>
  <testcase name="TY_E_equivalence" classname="nz.ac.auckland.se281.MainTest$YourTests" time="0.003"/>
  <testcase name="T2_w_recursive_BFS" classname="nz.ac.auckland.se281.MainTest$YourTests" time="0.003"/>
  <testcase name="T2_w_recursive_DFS" classname="nz.ac.auckland.se281.MainTest$YourTests" time="0.002"/>
  <testcase name="TJ_D_roots" classname="nz.ac.auckland.se281.MainTest$YourTests" time="0.002"/>
  <testcase name="TJ_D_reflexivity" classname="nz.ac.auckland.se281.MainTest$YourTests" time="0.001"/>
  <testcase name="T1_w_antisymmetry" classname="nz.ac.auckland.se281.MainTest$YourTests" time="0.001"/>
  <testcase name="TY_01_G_iterative_BFS" classname="nz.ac.auckland.se281.MainTest$YourTests" time="0.001"/>
  <testcase name="T1_w_roots" classname="nz.ac.auckland.se281.MainTest$YourTests" time="0.004"/>
  <testcase name="TJ_D_antisymmetry" classname="nz.ac.auckland.se281.MainTest$YourTests" time="0.006"/>
  <testcase name="TY_04_G_recursive_DFS" classname="nz.ac.auckland.se281.MainTest$YourTests" time="0.002"/>
  <testcase name="TY_03_H_recursive_BFS" classname="nz.ac.auckland.se281.MainTest$YourTests" time="0.004"/>
  <testcase name="TY_E_equivalence_class_0" classname="nz.ac.auckland.se281.MainTest$YourTests" time="0.009"/>
  <testcase name="TY_E_antisymmetry" classname="nz.ac.auckland.se281.MainTest$YourTests" time="0.003"/>
  <testcase name="TY_E_symmetry" classname="nz.ac.auckland.se281.MainTest$YourTests" time="0.001"/>
  <testcase name="TY_E_reflexivity" classname="nz.ac.auckland.se281.MainTest$YourTests" time="0.001"/>
</testsuite>